<?xml version="1.0" encoding="UTF-8"?>
<!-- Generated by org.testng.reporters.JUnitReportReporter -->
<testsuite skipped="0" hostname="Sandeep" name="myStore.TestPackages.loginTestClass" tests="1" failures="0" timestamp="2020-06-12T16:24:18 IST" time="82.812" errors="0">
  <testcase name="myStore" time="82.812" classname="myStore.TestPackages.loginTestClass"/>
</testsuite> <!-- myStore.TestPackages.loginTestClass -->
